<?xml version="1.0" encoding="UTF-8"?>
<testsuite xmlns:xsi="http://www.w3.org/2001/XMLSchema-instance" xsi:noNamespaceSchemaLocation="https://maven.apache.org/surefire/maven-surefire-plugin/xsd/surefire-test-report-3.0.xsd" version="3.0" name="com.currency.CurrencyApplicationTests" time="4.804" tests="1" errors="0" skipped="0" failures="0">
  <properties>
[...]
</properties>
  <testcase name="contextLoads" classname="com.currency.CurrencyApplicationTests" time="0.016">
    <system-out><![CDATA[07:19:25.215 [main] INFO org.springframework.test.context.support.AnnotationConfigContextLoaderUtils -- Could not detect default configuration classes for test class [com.currency.CurrencyApplicationTests]: CurrencyApplicationTests does not declare any static, non-private, non-final, nested classes annotated with @Configuration.
07:19:25.362 [main] INFO org.springframework.boot.test.context.SpringBootTestContextBootstrapper -- Found @SpringBootConfiguration com.currency.CurrencyApplication for test class com.currency.CurrencyApplicationTests

  .   ____          _            __ _ _
 /\\ / ___'_ __ _ _(_)_ __  __ _ \ \ \ \
( ( )\___ | '_ | '_| | '_ \/ _` | \ \ \ \
 \\/  ___)| |_)| | | | | || (_| |  ) ) ) )
  '  |____| .__|_| |_|_| |_\__, | / / / /
 =========|_|==============|___/=/_/_/_/
 :: Spring Boot ::                (v3.1.1)

2024-05-20T07:19:25.857+03:00  INFO 32480 --- [           main] com.currency.CurrencyApplicationTests    : Starting CurrencyApplicationTests using Java 17.0.10 with PID 32480 (started by Viktoria.Velikova in C:\Users\Viktoria.Velikova\Downloads\currency)
2024-05-20T07:19:25.859+03:00  INFO 32480 --- [           main] com.currency.CurrencyApplicationTests    : No active profile set, falling back to 1 default profile: "default"
2024-05-20T07:19:26.648+03:00  INFO 32480 --- [           main] .s.d.r.c.RepositoryConfigurationDelegate : Bootstrapping Spring Data JPA repositories in DEFAULT mode.
2024-05-20T07:19:26.712+03:00  INFO 32480 --- [           main] .s.d.r.c.RepositoryConfigurationDelegate : Finished Spring Data repository scanning in 52 ms. Found 2 JPA repository interfaces.
2024-05-20T07:19:27.261+03:00  INFO 32480 --- [           main] o.hibernate.jpa.internal.util.LogHelper  : HHH000204: Processing PersistenceUnitInfo [name: default]
2024-05-20T07:19:27.352+03:00  INFO 32480 --- [           main] org.hibernate.Version                    : HHH000412: Hibernate ORM core version 6.2.5.Final
2024-05-20T07:19:27.355+03:00  INFO 32480 --- [           main] org.hibernate.cfg.Environment            : HHH000406: Using bytecode reflection optimizer
2024-05-20T07:19:27.485+03:00  INFO 32480 --- [           main] o.h.b.i.BytecodeProviderInitiator        : HHH000021: Bytecode provider name : bytebuddy
2024-05-20T07:19:27.495+03:00  INFO 32480 --- [           main] o.s.o.j.p.SpringPersistenceUnitInfo      : No LoadTimeWeaver setup: ignoring JPA class transformer
2024-05-20T07:19:27.513+03:00  INFO 32480 --- [           main] com.zaxxer.hikari.HikariDataSource       : HikariPool-1 - Starting...
2024-05-20T07:19:27.713+03:00  INFO 32480 --- [           main] com.zaxxer.hikari.pool.HikariPool        : HikariPool-1 - Added connection org.postgresql.jdbc.PgConnection@4213bc3e
2024-05-20T07:19:27.715+03:00  INFO 32480 --- [           main] com.zaxxer.hikari.HikariDataSource       : HikariPool-1 - Start completed.
2024-05-20T07:19:28.013+03:00  INFO 32480 --- [           main] o.h.b.i.BytecodeProviderInitiator        : HHH000021: Bytecode provider name : bytebuddy
2024-05-20T07:19:28.579+03:00  INFO 32480 --- [           main] o.h.e.t.j.p.i.JtaPlatformInitiator       : HHH000490: Using JtaPlatform implementation: [org.hibernate.engine.transaction.jta.platform.internal.NoJtaPlatform]
Hibernate: alter table if exists rates alter column date set data type timestamp(6)
Hibernate: alter table if exists rates alter column version_date set data type timestamp(6)
Hibernate: alter table if exists request alter column date set data type timestamp(6)
2024-05-20T07:19:28.644+03:00  INFO 32480 --- [           main] j.LocalContainerEntityManagerFactoryBean : Initialized JPA EntityManagerFactory for persistence unit 'default'
2024-05-20T07:19:29.358+03:00  WARN 32480 --- [           main] JpaBaseConfiguration$JpaWebConfiguration : spring.jpa.open-in-view is enabled by default. Therefore, database queries may be performed during view rendering. Explicitly configure spring.jpa.open-in-view to disable this warning
2024-05-20T07:19:29.821+03:00  INFO 32480 --- [           main] com.currency.CurrencyApplicationTests    : Started CurrencyApplicationTests in 4.249 seconds (process running for 6.402)
]]></system-out>
  </testcase>
</testsuite>